2014/09/15 13:30:58 [error] [exception.CException] exception 'CException' with message 'Alias "gii.GiiModule" is invalid. Make sure it points to an existing PHP file and the file is readable.' in D:\Faisal\xampp\htdocs\yiiframework\1.1.15\framework\YiiBase.php:322
Stack trace:
#0 D:\Faisal\xampp\htdocs\yiiframework\1.1.15\framework\YiiBase.php(196): YiiBase::import('gii.GiiModule', true)
#1 D:\Faisal\xampp\htdocs\yiiframework\1.1.15\framework\base\CModule.php(282): YiiBase::createComponent('gii.GiiModule', 'gii', NULL, Array)
#2 D:\Faisal\xampp\htdocs\yiiframework\1.1.15\framework\web\CWebApplication.php(337): CModule->getModule('gii')
#3 D:\Faisal\xampp\htdocs\yiiframework\1.1.15\framework\web\CWebApplication.php(276): CWebApplication->createController('gii')
#4 D:\Faisal\xampp\htdocs\yiiframework\1.1.15\framework\web\CWebApplication.php(141): CWebApplication->runController('gii')
#5 D:\Faisal\xampp\htdocs\yiiframework\1.1.15\framework\base\CApplication.php(180): CWebApplication->processRequest()
#6 D:\Faisal\xampp\htdocs\hms\index.php(13): CApplication->run()
#7 {main}
REQUEST_URI=/hms/gii
---
2014/09/15 15:17:00 [error] [php] include(TbArray.php): failed to open stream: No such file or directory (D:\Faisal\xampp\htdocs\yiiframework\1.1.15\framework\YiiBase.php:427)
Stack trace:
#0 D:\Faisal\xampp\htdocs\hms\protected\extensions\bootstrap\helpers\TbHtml.php(4333): spl_autoload_call()
#1 D:\Faisal\xampp\htdocs\hms\protected\extensions\bootstrap\helpers\TbHtml.php(632): addSpanClass()
#2 D:\Faisal\xampp\htdocs\hms\protected\extensions\bootstrap\widgets\TbListView.php(42): tag()
#3 D:\Faisal\xampp\htdocs\yiiframework\1.1.15\framework\zii\widgets\CListView.php(297): TbListView->renderEmptyText()
#4 D:\Faisal\xampp\htdocs\yiiframework\1.1.15\framework\zii\widgets\CBaseListView.php(167): TbListView->renderItems()
#5 unknown(0): TbListView->renderSection()
#6 D:\Faisal\xampp\htdocs\yiiframework\1.1.15\framework\zii\widgets\CBaseListView.php(150): preg_replace_callback()
#7 D:\Faisal\xampp\htdocs\yiiframework\1.1.15\framework\zii\widgets\CBaseListView.php(135): TbListView->renderContent()
#8 D:\Faisal\xampp\htdocs\yiiframework\1.1.15\framework\web\CBaseController.php(173): TbListView->run()
#9 D:\Faisal\xampp\htdocs\hms\protected\views\scheme\index.php(22): SchemeController->widget()
#10 D:\Faisal\xampp\htdocs\yiiframework\1.1.15\framework\web\CBaseController.php(126): require()
#11 D:\Faisal\xampp\htdocs\yiiframework\1.1.15\framework\web\CBaseController.php(95): SchemeController->renderInternal()
#12 D:\Faisal\xampp\htdocs\yiiframework\1.1.15\framework\web\CController.php(869): SchemeController->renderFile()
#13 D:\Faisal\xampp\htdocs\yiiframework\1.1.15\framework\web\CController.php(782): SchemeController->renderPartial()
#14 D:\Faisal\xampp\htdocs\hms\protected\controllers\SchemeController.php(134): SchemeController->render()
#15 D:\Faisal\xampp\htdocs\yiiframework\1.1.15\framework\web\actions\CInlineAction.php(49): SchemeController->actionIndex()
#16 D:\Faisal\xampp\htdocs\yiiframework\1.1.15\framework\web\CController.php(308): CInlineAction->runWithParams()
#17 D:\Faisal\xampp\htdocs\yiiframework\1.1.15\framework\web\filters\CFilterChain.php(133): SchemeController->runAction()
#18 D:\Faisal\xampp\htdocs\yiiframework\1.1.15\framework\web\filters\CFilter.php(40): CFilterChain->run()
#19 D:\Faisal\xampp\htdocs\yiiframework\1.1.15\framework\web\CController.php(1145): CAccessControlFilter->filter()
#20 D:\Faisal\xampp\htdocs\yiiframework\1.1.15\framework\web\filters\CInlineFilter.php(58): SchemeController->filterAccessControl()
#21 D:\Faisal\xampp\htdocs\yiiframework\1.1.15\framework\web\filters\CFilterChain.php(130): CInlineFilter->filter()
#22 D:\Faisal\xampp\htdocs\yiiframework\1.1.15\framework\web\CController.php(291): CFilterChain->run()
#23 D:\Faisal\xampp\htdocs\yiiframework\1.1.15\framework\web\CController.php(265): SchemeController->runActionWithFilters()
#24 D:\Faisal\xampp\htdocs\yiiframework\1.1.15\framework\web\CWebApplication.php(282): SchemeController->run()
#25 D:\Faisal\xampp\htdocs\yiiframework\1.1.15\framework\web\CWebApplication.php(141): CWebApplication->runController()
#26 D:\Faisal\xampp\htdocs\yiiframework\1.1.15\framework\base\CApplication.php(180): CWebApplication->processRequest()
#27 D:\Faisal\xampp\htdocs\hms\index.php(13): CWebApplication->run()
REQUEST_URI=/hms/scheme
in D:\Faisal\xampp\htdocs\hms\protected\extensions\bootstrap\helpers\TbHtml.php (4333)
in D:\Faisal\xampp\htdocs\hms\protected\extensions\bootstrap\helpers\TbHtml.php (632)
in D:\Faisal\xampp\htdocs\hms\protected\extensions\bootstrap\widgets\TbListView.php (42)
2014/09/15 15:20:27 [error] [php] include(TbWidget.php): failed to open stream: No such file or directory (D:\Faisal\xampp\htdocs\yiiframework\1.1.15\framework\YiiBase.php:427)
Stack trace:
#0 D:\Faisal\xampp\htdocs\hms\protected\extensions\bootstrap\widgets\TbPager.php(56): spl_autoload_call()
#1 D:\Faisal\xampp\htdocs\yiiframework\1.1.15\framework\web\CBaseController.php(147): TbPager->init()
#2 D:\Faisal\xampp\htdocs\yiiframework\1.1.15\framework\web\CBaseController.php(172): TbListView->createWidget()
#3 D:\Faisal\xampp\htdocs\yiiframework\1.1.15\framework\zii\widgets\CBaseListView.php(275): TbListView->widget()
#4 D:\Faisal\xampp\htdocs\yiiframework\1.1.15\framework\zii\widgets\CBaseListView.php(167): TbListView->renderPager()
#5 unknown(0): TbListView->renderSection()
#6 D:\Faisal\xampp\htdocs\yiiframework\1.1.15\framework\zii\widgets\CBaseListView.php(150): preg_replace_callback()
#7 D:\Faisal\xampp\htdocs\yiiframework\1.1.15\framework\zii\widgets\CBaseListView.php(135): TbListView->renderContent()
#8 D:\Faisal\xampp\htdocs\yiiframework\1.1.15\framework\web\CBaseController.php(173): TbListView->run()
#9 D:\Faisal\xampp\htdocs\hms\protected\views\scheme\index.php(22): SchemeController->widget()
#10 D:\Faisal\xampp\htdocs\yiiframework\1.1.15\framework\web\CBaseController.php(126): require()
#11 D:\Faisal\xampp\htdocs\yiiframework\1.1.15\framework\web\CBaseController.php(95): SchemeController->renderInternal()
#12 D:\Faisal\xampp\htdocs\yiiframework\1.1.15\framework\web\CController.php(869): SchemeController->renderFile()
#13 D:\Faisal\xampp\htdocs\yiiframework\1.1.15\framework\web\CController.php(782): SchemeController->renderPartial()
#14 D:\Faisal\xampp\htdocs\hms\protected\controllers\SchemeController.php(134): SchemeController->render()
#15 D:\Faisal\xampp\htdocs\yiiframework\1.1.15\framework\web\actions\CInlineAction.php(49): SchemeController->actionIndex()
#16 D:\Faisal\xampp\htdocs\yiiframework\1.1.15\framework\web\CController.php(308): CInlineAction->runWithParams()
#17 D:\Faisal\xampp\htdocs\yiiframework\1.1.15\framework\web\filters\CFilterChain.php(133): SchemeController->runAction()
#18 D:\Faisal\xampp\htdocs\yiiframework\1.1.15\framework\web\filters\CFilter.php(40): CFilterChain->run()
#19 D:\Faisal\xampp\htdocs\yiiframework\1.1.15\framework\web\CController.php(1145): CAccessControlFilter->filter()
#20 D:\Faisal\xampp\htdocs\yiiframework\1.1.15\framework\web\filters\CInlineFilter.php(58): SchemeController->filterAccessControl()
#21 D:\Faisal\xampp\htdocs\yiiframework\1.1.15\framework\web\filters\CFilterChain.php(130): CInlineFilter->filter()
#22 D:\Faisal\xampp\htdocs\yiiframework\1.1.15\framework\web\CController.php(291): CFilterChain->run()
#23 D:\Faisal\xampp\htdocs\yiiframework\1.1.15\framework\web\CController.php(265): SchemeController->runActionWithFilters()
#24 D:\Faisal\xampp\htdocs\yiiframework\1.1.15\framework\web\CWebApplication.php(282): SchemeController->run()
#25 D:\Faisal\xampp\htdocs\yiiframework\1.1.15\framework\web\CWebApplication.php(141): CWebApplication->runController()
#26 D:\Faisal\xampp\htdocs\yiiframework\1.1.15\framework\base\CApplication.php(180): CWebApplication->processRequest()
#27 D:\Faisal\xampp\htdocs\hms\index.php(13): CWebApplication->run()
REQUEST_URI=/hms/scheme
in D:\Faisal\xampp\htdocs\hms\protected\extensions\bootstrap\widgets\TbPager.php (56)
in D:\Faisal\xampp\htdocs\hms\protected\views\scheme\index.php (22)
in D:\Faisal\xampp\htdocs\hms\protected\controllers\SchemeController.php (134)
2014/09/15 15:20:32 [error] [php] include(TbWidget.php): failed to open stream: No such file or directory (D:\Faisal\xampp\htdocs\yiiframework\1.1.15\framework\YiiBase.php:427)
Stack trace:
#0 D:\Faisal\xampp\htdocs\hms\protected\extensions\bootstrap\widgets\TbPager.php(56): spl_autoload_call()
#1 D:\Faisal\xampp\htdocs\yiiframework\1.1.15\framework\web\CBaseController.php(147): TbPager->init()
#2 D:\Faisal\xampp\htdocs\yiiframework\1.1.15\framework\web\CBaseController.php(172): TbListView->createWidget()
#3 D:\Faisal\xampp\htdocs\yiiframework\1.1.15\framework\zii\widgets\CBaseListView.php(275): TbListView->widget()
#4 D:\Faisal\xampp\htdocs\yiiframework\1.1.15\framework\zii\widgets\CBaseListView.php(167): TbListView->renderPager()
#5 unknown(0): TbListView->renderSection()
#6 D:\Faisal\xampp\htdocs\yiiframework\1.1.15\framework\zii\widgets\CBaseListView.php(150): preg_replace_callback()
#7 D:\Faisal\xampp\htdocs\yiiframework\1.1.15\framework\zii\widgets\CBaseListView.php(135): TbListView->renderContent()
#8 D:\Faisal\xampp\htdocs\yiiframework\1.1.15\framework\web\CBaseController.php(173): TbListView->run()
#9 D:\Faisal\xampp\htdocs\hms\protected\views\scheme\index.php(22): SchemeController->widget()
#10 D:\Faisal\xampp\htdocs\yiiframework\1.1.15\framework\web\CBaseController.php(126): require()
#11 D:\Faisal\xampp\htdocs\yiiframework\1.1.15\framework\web\CBaseController.php(95): SchemeController->renderInternal()
#12 D:\Faisal\xampp\htdocs\yiiframework\1.1.15\framework\web\CController.php(869): SchemeController->renderFile()
#13 D:\Faisal\xampp\htdocs\yiiframework\1.1.15\framework\web\CController.php(782): SchemeController->renderPartial()
#14 D:\Faisal\xampp\htdocs\hms\protected\controllers\SchemeController.php(134): SchemeController->render()
#15 D:\Faisal\xampp\htdocs\yiiframework\1.1.15\framework\web\actions\CInlineAction.php(49): SchemeController->actionIndex()
#16 D:\Faisal\xampp\htdocs\yiiframework\1.1.15\framework\web\CController.php(308): CInlineAction->runWithParams()
#17 D:\Faisal\xampp\htdocs\yiiframework\1.1.15\framework\web\filters\CFilterChain.php(133): SchemeController->runAction()
#18 D:\Faisal\xampp\htdocs\yiiframework\1.1.15\framework\web\filters\CFilter.php(40): CFilterChain->run()
#19 D:\Faisal\xampp\htdocs\yiiframework\1.1.15\framework\web\CController.php(1145): CAccessControlFilter->filter()
#20 D:\Faisal\xampp\htdocs\yiiframework\1.1.15\framework\web\filters\CInlineFilter.php(58): SchemeController->filterAccessControl()
#21 D:\Faisal\xampp\htdocs\yiiframework\1.1.15\framework\web\filters\CFilterChain.php(130): CInlineFilter->filter()
#22 D:\Faisal\xampp\htdocs\yiiframework\1.1.15\framework\web\CController.php(291): CFilterChain->run()
#23 D:\Faisal\xampp\htdocs\yiiframework\1.1.15\framework\web\CController.php(265): SchemeController->runActionWithFilters()
#24 D:\Faisal\xampp\htdocs\yiiframework\1.1.15\framework\web\CWebApplication.php(282): SchemeController->run()
#25 D:\Faisal\xampp\htdocs\yiiframework\1.1.15\framework\web\CWebApplication.php(141): CWebApplication->runController()
#26 D:\Faisal\xampp\htdocs\yiiframework\1.1.15\framework\base\CApplication.php(180): CWebApplication->processRequest()
#27 D:\Faisal\xampp\htdocs\hms\index.php(13): CWebApplication->run()
REQUEST_URI=/hms/scheme
in D:\Faisal\xampp\htdocs\hms\protected\extensions\bootstrap\widgets\TbPager.php (56)
in D:\Faisal\xampp\htdocs\hms\protected\views\scheme\index.php (22)
in D:\Faisal\xampp\htdocs\hms\protected\controllers\SchemeController.php (134)
2014/09/15 15:23:44 [error] [php] include(D:\Faisal\xampp\htdocs\hms\protected\extensions\bootstrap\behaviours\TbWidget.php): failed to open stream: No such file or directory (D:\Faisal\xampp\htdocs\yiiframework\1.1.15\framework\YiiBase.php:401)
Stack trace:
#0 D:\Faisal\xampp\htdocs\hms\protected\extensions\bootstrap\widgets\TbPager.php(56): spl_autoload_call()
#1 D:\Faisal\xampp\htdocs\yiiframework\1.1.15\framework\web\CBaseController.php(147): TbPager->init()
#2 D:\Faisal\xampp\htdocs\yiiframework\1.1.15\framework\web\CBaseController.php(172): TbListView->createWidget()
#3 D:\Faisal\xampp\htdocs\yiiframework\1.1.15\framework\zii\widgets\CBaseListView.php(275): TbListView->widget()
#4 D:\Faisal\xampp\htdocs\yiiframework\1.1.15\framework\zii\widgets\CBaseListView.php(167): TbListView->renderPager()
#5 unknown(0): TbListView->renderSection()
#6 D:\Faisal\xampp\htdocs\yiiframework\1.1.15\framework\zii\widgets\CBaseListView.php(150): preg_replace_callback()
#7 D:\Faisal\xampp\htdocs\yiiframework\1.1.15\framework\zii\widgets\CBaseListView.php(135): TbListView->renderContent()
#8 D:\Faisal\xampp\htdocs\yiiframework\1.1.15\framework\web\CBaseController.php(173): TbListView->run()
#9 D:\Faisal\xampp\htdocs\hms\protected\views\scheme\index.php(22): SchemeController->widget()
#10 D:\Faisal\xampp\htdocs\yiiframework\1.1.15\framework\web\CBaseController.php(126): require()
#11 D:\Faisal\xampp\htdocs\yiiframework\1.1.15\framework\web\CBaseController.php(95): SchemeController->renderInternal()
#12 D:\Faisal\xampp\htdocs\yiiframework\1.1.15\framework\web\CController.php(869): SchemeController->renderFile()
#13 D:\Faisal\xampp\htdocs\yiiframework\1.1.15\framework\web\CController.php(782): SchemeController->renderPartial()
#14 D:\Faisal\xampp\htdocs\hms\protected\controllers\SchemeController.php(134): SchemeController->render()
#15 D:\Faisal\xampp\htdocs\yiiframework\1.1.15\framework\web\actions\CInlineAction.php(49): SchemeController->actionIndex()
#16 D:\Faisal\xampp\htdocs\yiiframework\1.1.15\framework\web\CController.php(308): CInlineAction->runWithParams()
#17 D:\Faisal\xampp\htdocs\yiiframework\1.1.15\framework\web\filters\CFilterChain.php(133): SchemeController->runAction()
#18 D:\Faisal\xampp\htdocs\yiiframework\1.1.15\framework\web\filters\CFilter.php(40): CFilterChain->run()
#19 D:\Faisal\xampp\htdocs\yiiframework\1.1.15\framework\web\CController.php(1145): CAccessControlFilter->filter()
#20 D:\Faisal\xampp\htdocs\yiiframework\1.1.15\framework\web\filters\CInlineFilter.php(58): SchemeController->filterAccessControl()
#21 D:\Faisal\xampp\htdocs\yiiframework\1.1.15\framework\web\filters\CFilterChain.php(130): CInlineFilter->filter()
#22 D:\Faisal\xampp\htdocs\yiiframework\1.1.15\framework\web\CController.php(291): CFilterChain->run()
#23 D:\Faisal\xampp\htdocs\yiiframework\1.1.15\framework\web\CController.php(265): SchemeController->runActionWithFilters()
#24 D:\Faisal\xampp\htdocs\yiiframework\1.1.15\framework\web\CWebApplication.php(282): SchemeController->run()
#25 D:\Faisal\xampp\htdocs\yiiframework\1.1.15\framework\web\CWebApplication.php(141): CWebApplication->runController()
#26 D:\Faisal\xampp\htdocs\yiiframework\1.1.15\framework\base\CApplication.php(180): CWebApplication->processRequest()
#27 D:\Faisal\xampp\htdocs\hms\index.php(13): CWebApplication->run()
REQUEST_URI=/hms/scheme
in D:\Faisal\xampp\htdocs\hms\protected\extensions\bootstrap\widgets\TbPager.php (56)
in D:\Faisal\xampp\htdocs\hms\protected\views\scheme\index.php (22)
in D:\Faisal\xampp\htdocs\hms\protected\controllers\SchemeController.php (134)
2014/09/15 15:24:11 [error] [php] include(TbDataColumn.php): failed to open stream: No such file or directory (D:\Faisal\xampp\htdocs\yiiframework\1.1.15\framework\YiiBase.php:427)
Stack trace:
#0 D:\Faisal\xampp\htdocs\hms\protected\extensions\bootstrap\widgets\TbGridView.php(92): spl_autoload_call()
#1 D:\Faisal\xampp\htdocs\yiiframework\1.1.15\framework\zii\widgets\grid\CGridView.php(383): TbGridView->createDataColumn()
#2 D:\Faisal\xampp\htdocs\hms\protected\extensions\bootstrap\widgets\TbGridView.php(75): TbGridView->initColumns()
#3 D:\Faisal\xampp\htdocs\yiiframework\1.1.15\framework\zii\widgets\grid\CGridView.php(359): TbGridView->initColumns()
#4 D:\Faisal\xampp\htdocs\hms\protected\extensions\bootstrap\widgets\TbGridView.php(44): TbGridView->init()
#5 D:\Faisal\xampp\htdocs\yiiframework\1.1.15\framework\web\CBaseController.php(147): TbGridView->init()
#6 D:\Faisal\xampp\htdocs\yiiframework\1.1.15\framework\web\CBaseController.php(172): SchemeController->createWidget()
#7 D:\Faisal\xampp\htdocs\hms\protected\views\scheme\admin.php(68): SchemeController->widget()
#8 D:\Faisal\xampp\htdocs\yiiframework\1.1.15\framework\web\CBaseController.php(126): require()
#9 D:\Faisal\xampp\htdocs\yiiframework\1.1.15\framework\web\CBaseController.php(95): SchemeController->renderInternal()
#10 D:\Faisal\xampp\htdocs\yiiframework\1.1.15\framework\web\CController.php(869): SchemeController->renderFile()
#11 D:\Faisal\xampp\htdocs\yiiframework\1.1.15\framework\web\CController.php(782): SchemeController->renderPartial()
#12 D:\Faisal\xampp\htdocs\hms\protected\controllers\SchemeController.php(150): SchemeController->render()
#13 D:\Faisal\xampp\htdocs\yiiframework\1.1.15\framework\web\actions\CInlineAction.php(49): SchemeController->actionAdmin()
#14 D:\Faisal\xampp\htdocs\yiiframework\1.1.15\framework\web\CController.php(308): CInlineAction->runWithParams()
#15 D:\Faisal\xampp\htdocs\yiiframework\1.1.15\framework\web\filters\CFilterChain.php(133): SchemeController->runAction()
#16 D:\Faisal\xampp\htdocs\yiiframework\1.1.15\framework\web\filters\CFilter.php(40): CFilterChain->run()
#17 D:\Faisal\xampp\htdocs\yiiframework\1.1.15\framework\web\CController.php(1145): CAccessControlFilter->filter()
#18 D:\Faisal\xampp\htdocs\yiiframework\1.1.15\framework\web\filters\CInlineFilter.php(58): SchemeController->filterAccessControl()
#19 D:\Faisal\xampp\htdocs\yiiframework\1.1.15\framework\web\filters\CFilterChain.php(130): CInlineFilter->filter()
#20 D:\Faisal\xampp\htdocs\yiiframework\1.1.15\framework\web\CController.php(291): CFilterChain->run()
#21 D:\Faisal\xampp\htdocs\yiiframework\1.1.15\framework\web\CController.php(265): SchemeController->runActionWithFilters()
#22 D:\Faisal\xampp\htdocs\yiiframework\1.1.15\framework\web\CWebApplication.php(282): SchemeController->run()
#23 D:\Faisal\xampp\htdocs\yiiframework\1.1.15\framework\web\CWebApplication.php(141): CWebApplication->runController()
#24 D:\Faisal\xampp\htdocs\yiiframework\1.1.15\framework\base\CApplication.php(180): CWebApplication->processRequest()
#25 D:\Faisal\xampp\htdocs\hms\index.php(13): CWebApplication->run()
REQUEST_URI=/hms/scheme/admin
in D:\Faisal\xampp\htdocs\hms\protected\extensions\bootstrap\widgets\TbGridView.php (92)
in D:\Faisal\xampp\htdocs\hms\protected\extensions\bootstrap\widgets\TbGridView.php (75)
in D:\Faisal\xampp\htdocs\hms\protected\extensions\bootstrap\widgets\TbGridView.php (44)
